<?xml version="1.0" encoding="UTF-8"?>
<!-- Generated by org.testng.reporters.JUnitReportReporter -->
<testsuite hostname="Victor" failures="0" tests="4" name="tests.OrderTests" time="289.615" errors="0" timestamp="2025-08-02T02:59:10 PET" skipped="0">
  <testcase classname="tests.OrderTests" name="testCreacionOrdenExitosa" time="86.845"/>
  <testcase classname="tests.OrderTests" name="testEliminarProductoDelCarrito" time="72.807"/>
  <testcase classname="tests.OrderTests" name="testAgregarProductoAlCarrito" time="93.767"/>
  <testcase classname="tests.OrderTests" name="testModificarCantidadProductoEnCarrito" time="36.196"/>
</testsuite> <!-- tests.OrderTests -->
