<?xml version="1.0" encoding="UTF-8"?>
<!-- Generated by org.testng.reporters.JUnitReportReporter -->
<testsuite hostname="Victor" failures="0" tests="1" name="tests.ResgisterTests" time="35.277" errors="0" timestamp="2025-08-02T03:48:35 PET" skipped="0">
  <testcase classname="tests.ResgisterTests" name="testRegistroExistoso" time="35.277"/>
</testsuite> <!-- tests.ResgisterTests -->
