<?xml version="1.0" encoding="UTF-8"?>
<!-- Generated by org.testng.reporters.JUnitReportReporter -->
<testsuite hostname="Victor" failures="0" tests="1" name="tests.LoginTests" time="20.710" errors="0" timestamp="2025-08-02T03:00:49 PET" skipped="0">
  <testcase classname="tests.LoginTests" name="testLoginCamposEnBlanco" time="20.710"/>
</testsuite> <!-- tests.LoginTests -->
